c:\users\hayde_000\documents\visual studio 2015\projects\logicgatesimulator\logicgatesimulator\debug\vc140.pdb
c:\users\hayde_000\documents\visual studio 2015\projects\logicgatesimulator\logicgatesimulator\debug\vc140.idb
c:\users\hayde_000\documents\visual studio 2015\projects\logicgatesimulator\logicgatesimulator\debug\main.obj
c:\users\hayde_000\documents\visual studio 2015\projects\logicgatesimulator\logicgatesimulator\debug\and2.obj
c:\users\hayde_000\documents\visual studio 2015\projects\logicgatesimulator\logicgatesimulator\debug\invert.obj
c:\users\hayde_000\documents\visual studio 2015\projects\logicgatesimulator\logicgatesimulator\debug\gate.obj
c:\users\hayde_000\documents\visual studio 2015\projects\logicgatesimulator\logicgatesimulator\debug\and3.obj
c:\users\hayde_000\documents\visual studio 2015\projects\logicgatesimulator\logicgatesimulator\debug\and4.obj
c:\users\hayde_000\documents\visual studio 2015\projects\logicgatesimulator\logicgatesimulator\debug\input.obj
c:\users\hayde_000\documents\visual studio 2015\projects\logicgatesimulator\logicgatesimulator\debug\partition.obj
c:\users\hayde_000\documents\visual studio 2015\projects\logicgatesimulator\logicgatesimulator\debug\inputreader.obj
c:\users\hayde_000\documents\visual studio 2015\projects\logicgatesimulator\logicgatesimulator\debug\timingwheel.obj
c:\users\hayde_000\documents\visual studio 2015\projects\logicgatesimulator\debug\logicgatesimulator.pdb
c:\users\hayde_000\documents\visual studio 2015\projects\logicgatesimulator\debug\logicgatesimulator.exe
c:\users\hayde_000\documents\visual studio 2015\projects\logicgatesimulator\debug\logicgatesimulator.ilk
c:\users\hayde_000\documents\visual studio 2015\projects\logicgatesimulator\logicgatesimulator\debug\logicgat.04c266c4.tlog\cl.command.1.tlog
c:\users\hayde_000\documents\visual studio 2015\projects\logicgatesimulator\logicgatesimulator\debug\logicgat.04c266c4.tlog\cl.read.1.tlog
c:\users\hayde_000\documents\visual studio 2015\projects\logicgatesimulator\logicgatesimulator\debug\logicgat.04c266c4.tlog\cl.write.1.tlog
c:\users\hayde_000\documents\visual studio 2015\projects\logicgatesimulator\logicgatesimulator\debug\logicgat.04c266c4.tlog\link.command.1.tlog
c:\users\hayde_000\documents\visual studio 2015\projects\logicgatesimulator\logicgatesimulator\debug\logicgat.04c266c4.tlog\link.read.1.tlog
c:\users\hayde_000\documents\visual studio 2015\projects\logicgatesimulator\logicgatesimulator\debug\logicgat.04c266c4.tlog\link.write.1.tlog
